TN:
SF:playwright.config.ts
FN:1,(empty-report)
FNF:1
FNH:0
FNDA:0,(empty-report)
DA:1,0
DA:3,0
DA:4,0
DA:5,0
DA:6,0
DA:7,0
DA:8,0
DA:9,0
DA:10,0
DA:11,0
DA:12,0
DA:13,0
DA:14,0
DA:15,0
DA:16,0
DA:17,0
LF:16
LH:0
BRDA:1,0,0,0
BRF:1
BRH:0
end_of_record
TN:
SF:postcss.config.js
FN:1,(empty-report)
FNF:1
FNH:0
FNDA:0,(empty-report)
DA:1,0
DA:2,0
DA:3,0
DA:4,0
DA:5,0
DA:6,0
LF:6
LH:0
BRDA:1,0,0,0
BRF:1
BRH:0
end_of_record
TN:
SF:tailwind.config.js
FN:1,(empty-report)
FNF:1
FNH:0
FNDA:0,(empty-report)
DA:1,0
DA:2,0
DA:3,0
DA:4,0
DA:5,0
DA:6,0
DA:7,0
DA:8,0
LF:8
LH:0
BRDA:1,0,0,0
BRF:1
BRH:0
end_of_record
TN:
SF:src\App.tsx
FN:1,(empty-report)
FNF:1
FNH:0
FNDA:0,(empty-report)
DA:1,0
DA:2,0
DA:3,0
DA:5,0
DA:6,0
DA:8,0
DA:9,0
DA:10,0
DA:12,0
DA:13,0
DA:15,0
LF:11
LH:0
BRDA:1,0,0,0
BRF:1
BRH:0
end_of_record
TN:
SF:src\main.tsx
FN:1,(empty-report)
FNF:1
FNH:0
FNDA:0,(empty-report)
DA:1,0
DA:2,0
DA:3,0
DA:4,0
DA:5,0
DA:7,0
DA:8,0
DA:9,0
DA:10,0
DA:11,0
DA:12,0
DA:13,0
LF:12
LH:0
BRDA:1,0,0,0
BRF:1
BRH:0
end_of_record
TN:
SF:src\types.ts
FN:1,(empty-report)
FNF:1
FNH:1
FNDA:1,(empty-report)
LF:0
LH:0
BRDA:1,0,0,1
BRF:1
BRH:1
end_of_record
TN:
SF:src\components\Layout.tsx
FN:1,(empty-report)
FNF:1
FNH:0
FNDA:0,(empty-report)
DA:1,0
DA:4,0
DA:5,0
DA:6,0
DA:8,0
DA:9,0
DA:10,0
DA:11,0
DA:12,0
DA:13,0
DA:15,0
DA:16,0
DA:17,0
DA:18,0
DA:19,0
DA:20,0
DA:21,0
DA:22,0
DA:23,0
DA:24,0
DA:25,0
DA:26,0
DA:27,0
DA:28,0
DA:29,0
DA:31,0
DA:32,0
DA:34,0
DA:35,0
DA:36,0
DA:37,0
DA:39,0
DA:40,0
DA:41,0
DA:42,0
DA:43,0
DA:44,0
DA:45,0
DA:47,0
LF:39
LH:0
BRDA:1,0,0,0
BRF:1
BRH:0
end_of_record
TN:
SF:src\features\admin\cards\AdminCardsPage.tsx
FN:1,(empty-report)
FNF:1
FNH:0
FNDA:0,(empty-report)
DA:1,0
DA:4,0
DA:5,0
DA:6,0
DA:8,0
DA:9,0
DA:10,0
DA:12,0
DA:14,0
DA:15,0
DA:16,0
DA:17,0
DA:18,0
DA:19,0
DA:20,0
DA:21,0
DA:22,0
DA:23,0
DA:24,0
DA:25,0
DA:26,0
DA:27,0
DA:28,0
DA:29,0
DA:30,0
DA:31,0
DA:32,0
DA:34,0
LF:28
LH:0
BRDA:1,0,0,0
BRF:1
BRH:0
end_of_record
TN:
SF:src\features\admin\components\ConfirmActionDialog.tsx
FN:1,(empty-report)
FNF:1
FNH:0
FNDA:0,(empty-report)
DA:1,0
DA:9,0
DA:10,0
DA:11,0
DA:13,0
DA:14,0
DA:15,0
DA:16,0
DA:17,0
DA:18,0
DA:19,0
DA:20,0
DA:21,0
DA:22,0
DA:24,0
DA:25,0
DA:26,0
DA:27,0
DA:28,0
DA:30,0
DA:31,0
DA:32,0
DA:33,0
DA:35,0
LF:24
LH:0
BRDA:1,0,0,0
BRF:1
BRH:0
end_of_record
TN:
SF:src\features\admin\dashboard\AdminDashboardPage.tsx
FN:1,(empty-report)
FNF:1
FNH:0
FNDA:0,(empty-report)
DA:1,0
DA:4,0
DA:5,0
DA:6,0
DA:7,0
DA:9,0
DA:10,0
DA:11,0
DA:12,0
DA:13,0
DA:14,0
DA:15,0
DA:16,0
DA:17,0
DA:18,0
DA:19,0
DA:20,0
DA:21,0
DA:22,0
DA:23,0
DA:24,0
DA:25,0
DA:26,0
DA:27,0
DA:28,0
DA:29,0
DA:31,0
DA:32,0
DA:34,0
DA:35,0
DA:37,0
DA:38,0
DA:39,0
DA:40,0
DA:42,0
LF:35
LH:0
BRDA:1,0,0,0
BRF:1
BRH:0
end_of_record
TN:
SF:src\features\admin\decks\AdminDecksPage.tsx
FN:1,(empty-report)
FNF:1
FNH:0
FNDA:0,(empty-report)
DA:1,0
DA:4,0
DA:5,0
DA:6,0
DA:8,0
DA:9,0
DA:10,0
DA:12,0
DA:14,0
DA:15,0
DA:16,0
DA:17,0
DA:18,0
DA:19,0
DA:20,0
DA:21,0
DA:22,0
DA:23,0
DA:24,0
DA:25,0
DA:26,0
DA:27,0
DA:29,0
LF:23
LH:0
BRDA:1,0,0,0
BRF:1
BRH:0
end_of_record
TN:
SF:src\features\admin\users\AdminUsersPage.tsx
FN:1,(empty-report)
FNF:1
FNH:0
FNDA:0,(empty-report)
DA:1,0
DA:5,0
DA:6,0
DA:7,0
DA:8,0
DA:10,0
DA:11,0
DA:12,0
DA:13,0
DA:14,0
DA:15,0
DA:16,0
DA:17,0
DA:18,0
DA:19,0
DA:20,0
DA:21,0
DA:22,0
DA:23,0
DA:24,0
DA:25,0
DA:26,0
DA:27,0
DA:28,0
DA:29,0
DA:31,0
LF:26
LH:0
BRDA:1,0,0,0
BRF:1
BRH:0
end_of_record
TN:
SF:src\features\auth\LoginPage.tsx
FN:1,(empty-report)
FNF:1
FNH:0
FNDA:0,(empty-report)
DA:1,0
DA:6,0
DA:7,0
DA:8,0
DA:9,0
DA:10,0
DA:12,0
DA:13,0
DA:14,0
DA:15,0
DA:16,0
DA:17,0
DA:18,0
DA:19,0
DA:21,0
DA:22,0
DA:23,0
DA:24,0
DA:25,0
DA:26,0
DA:27,0
DA:28,0
DA:29,0
DA:30,0
DA:31,0
DA:32,0
DA:33,0
DA:34,0
DA:35,0
DA:36,0
DA:37,0
DA:38,0
DA:39,0
DA:40,0
DA:41,0
DA:42,0
DA:43,0
DA:45,0
DA:46,0
DA:47,0
DA:49,0
LF:41
LH:0
BRDA:1,0,0,0
BRF:1
BRH:0
end_of_record
TN:
SF:src\features\auth\RegisterPage.tsx
FN:1,(empty-report)
FNF:1
FNH:0
FNDA:0,(empty-report)
DA:1,0
DA:6,0
DA:7,0
DA:8,0
DA:9,0
DA:10,0
DA:12,0
DA:13,0
DA:14,0
DA:15,0
DA:16,0
DA:17,0
DA:18,0
DA:19,0
DA:21,0
DA:22,0
DA:23,0
DA:24,0
DA:25,0
DA:26,0
DA:27,0
DA:28,0
DA:29,0
DA:30,0
DA:31,0
DA:32,0
DA:33,0
DA:34,0
DA:35,0
DA:36,0
DA:37,0
DA:38,0
DA:39,0
DA:40,0
DA:41,0
DA:42,0
DA:44,0
DA:45,0
DA:46,0
DA:48,0
LF:40
LH:0
BRDA:1,0,0,0
BRF:1
BRH:0
end_of_record
TN:
SF:src\features\cards\CardsPage.tsx
FN:8,CardsPage
FN:20,onCreate
FN:47,onChange
FN:63,onChange
FN:70,onChange
FN:77,onChange
FN:94,onChange
FN:106,onClick
FNF:8
FNH:4
FNDA:40,CardsPage
FNDA:1,onCreate
FNDA:0,onChange
FNDA:17,onChange
FNDA:20,onChange
FNDA:0,onChange
FNDA:0,onChange
FNDA:0,onClick
DA:1,1
DA:8,1
DA:9,40
DA:10,40
DA:11,40
DA:12,40
DA:13,40
DA:14,40
DA:15,40
DA:16,40
DA:18,40
DA:20,40
DA:21,1
DA:22,1
DA:23,0
DA:24,0
DA:25,1
DA:26,1
DA:27,1
DA:28,1
DA:29,1
DA:30,1
DA:31,1
DA:32,1
DA:33,1
DA:34,1
DA:35,1
DA:36,1
DA:37,1
DA:39,40
DA:40,40
DA:41,40
DA:42,40
DA:43,40
DA:44,40
DA:45,40
DA:46,40
DA:47,40
DA:49,40
DA:50,40
DA:51,120
DA:52,120
DA:53,120
DA:54,40
DA:55,40
DA:56,40
DA:57,40
DA:58,40
DA:59,40
DA:60,40
DA:61,40
DA:62,40
DA:63,40
DA:64,40
DA:65,40
DA:66,40
DA:67,40
DA:68,40
DA:69,40
DA:70,40
DA:71,40
DA:72,40
DA:73,40
DA:74,40
DA:75,40
DA:76,40
DA:77,40
DA:78,40
DA:79,40
DA:81,40
DA:82,40
DA:83,40
DA:84,40
DA:85,40
DA:86,40
DA:87,40
DA:88,40
DA:89,40
DA:90,40
DA:91,40
DA:92,40
DA:93,40
DA:94,40
DA:95,40
DA:96,40
DA:97,40
DA:98,40
DA:99,40
DA:100,122
DA:101,122
DA:102,122
DA:103,122
DA:104,122
DA:105,122
DA:106,122
DA:107,122
DA:109,122
DA:110,122
DA:111,40
DA:112,40
DA:113,40
DA:115,40
LF:102
LH:100
BRDA:8,0,0,40
BRDA:85,1,0,0
BRDA:18,2,0,1
BRDA:18,3,0,0
BRDA:20,4,0,1
BRDA:22,5,0,0
BRDA:31,6,0,1
BRDA:50,7,0,120
BRDA:63,8,0,17
BRDA:70,9,0,20
BRDA:99,10,0,122
BRDA:103,11,0,0
BRF:12
BRH:8
end_of_record
TN:
SF:src\features\cards\useCards.ts
FN:4,useCards
FNF:1
FNH:1
FNDA:40,useCards
DA:1,1
DA:4,1
DA:5,40
DA:6,40
DA:7,40
DA:8,40
DA:10,40
DA:11,3
DA:12,3
DA:13,3
DA:14,0
DA:15,40
DA:17,40
DA:18,40
LF:14
LH:13
BRDA:4,0,0,40
BRDA:5,1,0,122
BRDA:6,2,0,122
BRDA:7,3,0,122
BRDA:8,4,0,122
BRDA:10,5,0,3
BRDA:13,6,0,0
BRF:7
BRH:6
end_of_record
TN:
SF:src\features\decks\DecksPage.tsx
FN:5,DecksPage
FN:10,onCreate
FN:29,onChange
FN:36,onChange
FN:49,onClick
FNF:5
FNH:4
FNDA:25,DecksPage
FNDA:1,onCreate
FNDA:7,onChange
FNDA:16,onChange
FNDA:0,onClick
DA:1,1
DA:5,1
DA:6,25
DA:7,25
DA:8,25
DA:10,25
DA:11,1
DA:12,1
DA:13,0
DA:14,0
DA:15,1
DA:16,1
DA:17,1
DA:18,1
DA:20,25
DA:21,25
DA:22,25
DA:23,25
DA:24,25
DA:25,25
DA:26,25
DA:27,25
DA:28,25
DA:29,25
DA:30,25
DA:31,25
DA:32,25
DA:33,25
DA:34,25
DA:35,25
DA:36,25
DA:37,25
DA:38,25
DA:40,25
DA:41,25
DA:42,25
DA:43,25
DA:44,51
DA:45,51
DA:46,51
DA:47,51
DA:48,51
DA:49,51
DA:50,51
DA:52,51
DA:53,51
DA:54,25
DA:55,25
DA:56,25
DA:58,25
LF:50
LH:48
BRDA:5,0,0,25
BRDA:10,1,0,1
BRDA:12,2,0,0
BRDA:29,3,0,7
BRDA:36,4,0,16
BRDA:43,5,0,51
BRF:6
BRH:5
end_of_record
TN:
SF:src\features\decks\useDecks.ts
FN:4,useDecks
FNF:1
FNH:1
FNDA:65,useDecks
DA:1,1
DA:4,1
DA:5,65
DA:6,65
DA:7,65
DA:8,65
DA:10,65
DA:11,65
DA:12,65
DA:13,65
DA:15,65
DA:16,65
LF:12
LH:12
BRDA:4,0,0,65
BRDA:5,1,0,200
BRDA:6,2,0,200
BRDA:7,3,0,200
BRDA:8,4,0,200
BRDA:11,5,0,3
BRDA:11,6,0,8
BRF:7
BRH:7
end_of_record
TN:
SF:src\features\media\MediaUpload.tsx
FN:10,MediaUpload
FN:14,onSelect
FNF:2
FNH:1
FNDA:40,MediaUpload
FNDA:0,onSelect
DA:1,1
DA:8,1
DA:10,1
DA:11,40
DA:12,40
DA:14,40
DA:15,0
DA:16,0
DA:17,0
DA:18,0
DA:19,0
DA:20,0
DA:21,0
DA:22,0
DA:23,0
DA:24,0
DA:25,0
DA:27,40
DA:28,40
DA:29,40
DA:30,40
DA:31,40
DA:32,40
DA:34,40
LF:24
LH:13
BRDA:10,0,0,40
BRDA:31,1,0,0
BRDA:12,2,0,1
BRF:3
BRH:2
end_of_record
TN:
SF:src\features\profile\ProfilePage.tsx
FN:1,(empty-report)
FNF:1
FNH:0
FNDA:0,(empty-report)
DA:1,0
DA:4,0
DA:5,0
DA:6,0
DA:8,0
DA:9,0
DA:10,0
DA:11,0
DA:13,0
DA:14,0
DA:15,0
DA:16,0
DA:17,0
DA:18,0
DA:19,0
DA:20,0
DA:21,0
DA:22,0
DA:23,0
DA:24,0
DA:25,0
DA:27,0
DA:28,0
DA:29,0
DA:30,0
DA:32,0
LF:26
LH:0
BRDA:1,0,0,0
BRF:1
BRH:0
end_of_record
TN:
SF:src\features\search\CardSearch.tsx
FN:8,CardSearch
FNF:1
FNH:1
FNDA:40,CardSearch
DA:1,1
DA:8,1
DA:9,40
DA:10,40
DA:11,0
DA:12,0
DA:13,0
DA:14,0
DA:15,40
DA:17,40
DA:18,40
DA:19,40
DA:20,40
DA:21,40
DA:22,122
DA:23,122
DA:24,122
DA:25,122
DA:26,40
DA:27,40
DA:28,40
DA:30,40
LF:22
LH:18
BRDA:8,0,0,40
BRDA:10,1,0,0
BRDA:21,2,0,122
BRF:3
BRH:2
end_of_record
TN:
SF:src\features\study\StudyPage.tsx
FN:7,StudyPage
FN:15,onRate
FN:34,onClick
FN:41,onClick
FNF:4
FNH:4
FNDA:3,StudyPage
FNDA:1,onRate
FNDA:1,onClick
FNDA:1,onClick
DA:1,1
DA:5,1
DA:7,1
DA:8,3
DA:9,3
DA:10,3
DA:11,3
DA:13,3
DA:15,3
DA:16,1
DA:17,0
DA:18,0
DA:19,1
DA:20,1
DA:21,1
DA:23,3
DA:24,3
DA:25,3
DA:26,3
DA:27,3
DA:28,0
DA:30,3
DA:31,3
DA:32,3
DA:33,3
DA:34,3
DA:36,3
DA:37,3
DA:38,12
DA:39,12
DA:40,12
DA:41,12
DA:43,12
DA:44,12
DA:45,3
DA:46,3
DA:47,3
DA:49,3
DA:51,3
LF:39
LH:36
BRDA:7,0,0,3
BRDA:27,1,0,0
BRDA:32,2,0,1
BRDA:32,3,0,2
BRDA:8,4,0,10
BRDA:9,5,0,10
BRDA:10,6,0,2
BRDA:10,7,0,8
BRDA:15,8,0,1
BRDA:16,9,0,0
BRDA:34,10,0,1
BRDA:37,11,0,12
BRDA:41,12,0,1
BRF:13
BRH:11
end_of_record
TN:
SF:src\router\AppRouter.tsx
FN:1,(empty-report)
FNF:1
FNH:0
FNDA:0,(empty-report)
DA:1,0
DA:15,0
DA:16,0
DA:17,0
DA:19,0
DA:21,0
DA:23,0
DA:24,0
DA:25,0
DA:26,0
DA:27,0
DA:29,0
DA:30,0
DA:32,0
DA:34,0
DA:35,0
DA:36,0
DA:37,0
DA:38,0
DA:39,0
DA:40,0
DA:42,0
DA:43,0
DA:44,0
DA:45,0
DA:46,0
DA:47,0
DA:48,0
DA:50,0
DA:51,0
DA:52,0
DA:53,0
DA:54,0
DA:55,0
DA:57,0
DA:58,0
DA:59,0
DA:61,0
LF:38
LH:0
BRDA:1,0,0,0
BRF:1
BRH:0
end_of_record
TN:
SF:src\router\guards.tsx
FN:4,RequireAuth
FN:15,RequireAdmin
FNF:2
FNH:2
FNDA:3,RequireAuth
FNDA:1,RequireAdmin
DA:1,1
DA:4,1
DA:5,3
DA:6,3
DA:7,1
DA:8,1
DA:9,3
DA:10,0
DA:11,0
DA:12,2
DA:13,2
DA:15,1
DA:16,1
DA:17,1
DA:18,0
DA:19,0
DA:20,1
DA:21,1
DA:22,1
DA:23,0
DA:24,0
LF:21
LH:15
BRDA:4,0,0,3
BRDA:6,1,0,1
BRDA:8,2,0,2
BRDA:9,3,0,0
BRDA:11,4,0,2
BRDA:5,5,0,10
BRDA:15,6,0,1
BRDA:17,7,0,0
BRDA:22,8,0,0
BRDA:16,9,0,3
BRF:10
BRH:7
end_of_record
TN:
SF:src\services\contracts\dto.ts
FN:23,validateDeckContract
FN:27,validateCardContract
FNF:2
FNH:2
FNDA:2,validateDeckContract
FNDA:2,validateCardContract
DA:23,1
DA:24,2
DA:25,2
DA:27,1
DA:28,2
DA:29,2
LF:6
LH:6
BRDA:23,0,0,2
BRDA:24,1,0,2
BRDA:27,2,0,2
BRDA:28,3,0,2
BRDA:28,4,0,1
BRDA:28,5,0,1
BRF:6
BRH:6
end_of_record
TN:
SF:src\store\authStore.ts
FN:15,readStoredUser
FN:27,persistUser
FN:37,login
FN:49,register
FN:60,logout
FN:64,bootstrap
FN:67,banUser
FNF:7
FNH:6
FNDA:1,readStoredUser
FNDA:3,persistUser
FNDA:1,login
FNDA:1,register
FNDA:1,logout
FNDA:1,bootstrap
FNDA:0,banUser
DA:1,1
DA:13,1
DA:15,1
DA:16,1
DA:17,1
DA:18,0
DA:19,0
DA:20,1
DA:21,1
DA:22,1
DA:23,0
DA:24,0
DA:25,1
DA:27,1
DA:28,3
DA:29,2
DA:30,2
DA:31,2
DA:32,1
DA:33,1
DA:35,1
DA:36,2
DA:37,2
DA:38,1
DA:39,1
DA:40,1
DA:41,1
DA:42,1
DA:43,1
DA:44,1
DA:45,1
DA:46,1
DA:47,1
DA:48,1
DA:49,2
DA:50,1
DA:51,1
DA:52,1
DA:53,1
DA:54,1
DA:55,1
DA:56,1
DA:57,1
DA:58,1
DA:59,1
DA:60,2
DA:61,1
DA:62,1
DA:63,1
DA:64,2
DA:65,1
DA:66,1
DA:67,2
DA:68,0
DA:69,0
DA:70,0
DA:71,0
DA:72,0
DA:73,0
DA:74,0
DA:75,0
DA:76,0
DA:77,1
LF:63
LH:50
BRDA:15,0,0,1
BRDA:17,1,0,0
BRDA:22,2,0,0
BRDA:27,3,0,3
BRDA:28,4,0,2
BRDA:31,5,0,1
BRDA:35,6,0,2
BRDA:37,7,0,1
BRDA:38,8,0,0
BRDA:49,9,0,1
BRDA:60,10,0,1
BRDA:64,11,0,1
BRF:12
BRH:9
end_of_record
TN:
SF:src\store\learningStore.ts
FN:52,createDeck
FN:57,updateDeck
FN:64,deleteDeck
FN:70,createCard
FN:78,updateCard
FN:85,deleteCard
FN:88,attachMedia
FN:95,rateCard
FNF:8
FNH:3
FNDA:1,createDeck
FNDA:0,updateDeck
FNDA:0,deleteDeck
FNDA:1,createCard
FNDA:0,updateCard
FNDA:0,deleteCard
FNDA:0,attachMedia
FNDA:1,rateCard
DA:1,1
DA:17,1
DA:18,1
DA:19,1
DA:20,1
DA:22,1
DA:23,1
DA:24,1
DA:25,1
DA:26,1
DA:27,1
DA:28,1
DA:29,1
DA:30,1
DA:31,1
DA:32,1
DA:33,1
DA:34,1
DA:35,1
DA:36,1
DA:37,1
DA:38,1
DA:39,1
DA:40,1
DA:41,1
DA:42,1
DA:43,1
DA:44,1
DA:45,1
DA:46,1
DA:47,1
DA:49,1
DA:50,1
DA:51,1
DA:52,1
DA:53,1
DA:54,1
DA:55,1
DA:56,1
DA:57,1
DA:58,0
DA:59,0
DA:60,0
DA:61,0
DA:62,0
DA:63,0
DA:64,1
DA:65,0
DA:66,0
DA:67,0
DA:68,0
DA:69,0
DA:70,1
DA:71,1
DA:72,1
DA:73,1
DA:74,1
DA:75,1
DA:76,1
DA:77,1
DA:78,1
DA:79,0
DA:80,0
DA:81,0
DA:82,0
DA:83,0
DA:84,0
DA:85,1
DA:86,0
DA:87,0
DA:88,1
DA:89,0
DA:90,0
DA:91,0
DA:92,0
DA:93,0
DA:94,0
DA:95,1
DA:96,1
DA:97,1
DA:98,4
DA:99,3
DA:100,3
DA:101,1
DA:102,1
DA:103,1
DA:104,1
DA:105,1
DA:106,1
DA:107,1
DA:108,1
LF:91
LH:66
BRDA:49,0,0,1
BRDA:52,1,0,1
BRDA:53,2,0,1
BRDA:70,3,0,1
BRDA:71,4,0,1
BRDA:95,5,0,1
BRDA:96,6,0,1
BRDA:97,7,0,4
BRDA:98,8,0,3
BRDA:100,9,0,1
BRF:10
BRH:10
end_of_record
