<?xml version="1.0" encoding="UTF-8"?>
<testsuite xmlns:xsi="http://www.w3.org/2001/XMLSchema-instance" xsi:noNamespaceSchemaLocation="https://maven.apache.org/surefire/maven-surefire-plugin/xsd/surefire-test-report-3.0.xsd" version="3.0" name="com.khaleo.flashcard.unit.study.SpacedRepetitionServiceTest" time="0.129" tests="4" errors="0" skipped="0" failures="0">
  <properties>
[...]
</properties>
  <testcase name="shouldMoveReviewCardToRelearningOnAgain" classname="com.khaleo.flashcard.unit.study.SpacedRepetitionServiceTest" time="0.089"/>
  <testcase name="shouldGraduateLearningCardToReviewOnSecondGood" classname="com.khaleo.flashcard.unit.study.SpacedRepetitionServiceTest" time="0.0"/>
  <testcase name="shouldInitializeFsrsForNewCardOnGood" classname="com.khaleo.flashcard.unit.study.SpacedRepetitionServiceTest" time="0.0"/>
  <testcase name="shouldIncreaseRepsOnEveryRating" classname="com.khaleo.flashcard.unit.study.SpacedRepetitionServiceTest" time="0.006"/>
</testsuite>